[  0%] Built target turtlebot3_msgs_generate_messages_py
[  0%] Built target std_srvs_generate_messages_lisp
[  0%] Built target turtlebot3_msgs_generate_messages_cpp
[  0%] Built target trajectory_msgs_generate_messages_nodejs
[  0%] Built target trajectory_msgs_generate_messages_lisp
[  0%] Built target gazebo_msgs_generate_messages_py
[  0%] Built target trajectory_msgs_generate_messages_cpp
[  0%] Built target gazebo_msgs_generate_messages_nodejs
[  0%] Built target gazebo_msgs_generate_messages_cpp
[  0%] Built target dynamic_reconfigure_gencfg
[  0%] Built target dynamic_reconfigure_generate_messages_cpp
[  0%] Built target geometry_msgs_generate_messages_eus
[  0%] Built target std_srvs_generate_messages_nodejs
[  0%] Built target dynamic_reconfigure_generate_messages_lisp
[  0%] Built target std_msgs_generate_messages_py
[  0%] Built target std_msgs_generate_messages_nodejs
[  0%] Built target std_msgs_generate_messages_cpp
[  0%] Built target turtlebot3_msgs_generate_messages_eus
[  0%] Built target rosgraph_msgs_generate_messages_nodejs
[  0%] Built target tf2_msgs_generate_messages_cpp
[  0%] Built target actionlib_generate_messages_cpp
[  0%] Built target actionlib_msgs_generate_messages_py
[  0%] Built target roscpp_generate_messages_lisp
[  0%] Built target std_msgs_generate_messages_lisp
[  0%] Built target actionlib_generate_messages_lisp
[  0%] Built target tf_generate_messages_eus
[  0%] Built target std_srvs_generate_messages_cpp
[  0%] Built target nav_msgs_generate_messages_nodejs
[  0%] Built target sensor_msgs_generate_messages_cpp
[  0%] Built target dynamic_reconfigure_generate_messages_py
[  0%] Built target actionlib_msgs_generate_messages_eus
[  0%] Built target rosgraph_msgs_generate_messages_lisp
[  0%] Built target rosgraph_msgs_generate_messages_py
[  0%] Built target trajectory_msgs_generate_messages_eus
[  0%] Built target roscpp_generate_messages_cpp
[  0%] Built target sensor_msgs_generate_messages_nodejs
[  0%] Built target roscpp_generate_messages_py
[  0%] Built target sensor_msgs_generate_messages_eus
[  0%] Built target turtlebot3_msgs_generate_messages_nodejs
[  0%] Built target gazebo_msgs_generate_messages_eus
[  0%] Built target sensor_msgs_generate_messages_lisp
[  0%] Built target roscpp_generate_messages_eus
[  0%] Built target geometry_msgs_generate_messages_cpp
[  0%] Built target gazebo_msgs_generate_messages_lisp
[  0%] Built target dynamic_reconfigure_generate_messages_eus
[  0%] Built target geometry_msgs_generate_messages_nodejs
[  0%] Built target dynamic_reconfigure_generate_messages_nodejs
[  0%] Built target tf2_msgs_generate_messages_py
[  0%] Built target sensor_msgs_generate_messages_py
[  0%] Built target tf2_msgs_generate_messages_eus
[  0%] Built target tf_generate_messages_cpp
[  0%] Built target geometry_msgs_generate_messages_lisp
[  0%] Built target std_srvs_generate_messages_py
[  0%] Built target roscpp_generate_messages_nodejs
[  0%] Built target turtlebot3_msgs_generate_messages_lisp
[  0%] Built target rosgraph_msgs_generate_messages_eus
[  0%] Built target trajectory_msgs_generate_messages_py
[  0%] Built target nav_msgs_generate_messages_eus
[  0%] Built target actionlib_msgs_generate_messages_cpp
[  0%] Built target nav_msgs_generate_messages_cpp
[  0%] Built target nav_msgs_generate_messages_lisp
[  0%] Built target rosgraph_msgs_generate_messages_cpp
[  0%] Built target tf_generate_messages_py
[  0%] Built target actionlib_generate_messages_eus
[  0%] Built target std_msgs_generate_messages_eus
[  0%] Built target actionlib_msgs_generate_messages_lisp
[  0%] Built target actionlib_msgs_generate_messages_nodejs
[  0%] Built target tf_generate_messages_lisp
[  0%] Built target nav_msgs_generate_messages_py
[  0%] Built target actionlib_generate_messages_py
[  0%] Built target tf2_msgs_generate_messages_nodejs
[  0%] Built target tf2_msgs_generate_messages_lisp
[35m[1mScanning dependencies of target turtlebot3_gazebo[0m
[  0%] Built target std_srvs_generate_messages_eus
[  0%] Built target actionlib_generate_messages_nodejs
[  0%] Built target gazebo_ros_gencfg
[  0%] Built target geometry_msgs_generate_messages_py
[ 10%] [32mBuilding CXX object CMakeFiles/turtlebot3_gazebo.dir/src/server_tcp_ip_node.cpp.o[0m
[ 10%] Built target tf_generate_messages_nodejs
[35m[1mScanning dependencies of target turtlebot3_tcp_ip_client_node[0m
[35m[1mScanning dependencies of target turtlebot3_tcp_ip_server_node[0m
[ 20%] [32mBuilding CXX object CMakeFiles/turtlebot3_tcp_ip_client_node.dir/src/client_tcp_ip_node.cpp.o[0m
[ 40%] Built target turtlebot3_drive
[ 70%] Built target turtlebot3_tcp_ip_node
[ 70%] [32mBuilding CXX object CMakeFiles/turtlebot3_tcp_ip_server_node.dir/src/server_tcp_ip_node.cpp.o[0m
[ 80%] [32m[1mLinking CXX executable /home/pilaciv/Workspaces/turtlebot3_tcp_ip_ws/devel/.private/turtlebot3_gazebo/lib/turtlebot3_gazebo/turtlebot3_tcp_ip_client_node[0m
[ 80%] Built target turtlebot3_tcp_ip_client_node
[ 90%] [32m[1mLinking CXX shared library /home/pilaciv/Workspaces/turtlebot3_tcp_ip_ws/devel/.private/turtlebot3_gazebo/lib/libturtlebot3_gazebo.so[0m
[ 90%] Built target turtlebot3_gazebo
[100%] [32m[1mLinking CXX executable /home/pilaciv/Workspaces/turtlebot3_tcp_ip_ws/devel/.private/turtlebot3_gazebo/lib/turtlebot3_gazebo/turtlebot3_tcp_ip_server_node[0m
[100%] Built target turtlebot3_tcp_ip_server_node
