[  0%] Built target turtlebot3_msgs_generate_messages_py
[  0%] Built target dynamic_reconfigure_gencfg
[  0%] Built target turtlebot3_msgs_generate_messages_cpp
[  0%] Built target gazebo_msgs_generate_messages_py
[  0%] Built target std_srvs_generate_messages_lisp
[  0%] Built target trajectory_msgs_generate_messages_cpp
[  0%] Built target trajectory_msgs_generate_messages_lisp
[  0%] Built target gazebo_msgs_generate_messages_nodejs
[  0%] Built target gazebo_msgs_generate_messages_cpp
[  0%] Built target trajectory_msgs_generate_messages_nodejs
[  0%] Built target std_srvs_generate_messages_nodejs
[  0%] Built target std_msgs_generate_messages_py
[  0%] Built target std_msgs_generate_messages_nodejs
[  0%] Built target dynamic_reconfigure_generate_messages_cpp
[  0%] Built target turtlebot3_msgs_generate_messages_eus
[  0%] Built target geometry_msgs_generate_messages_eus
[  0%] Built target std_msgs_generate_messages_cpp
[  0%] Built target tf2_msgs_generate_messages_cpp
[  0%] Built target rosgraph_msgs_generate_messages_nodejs
[  0%] Built target dynamic_reconfigure_generate_messages_lisp
[  0%] Built target roscpp_generate_messages_lisp
[  0%] Built target actionlib_msgs_generate_messages_py
[  0%] Built target actionlib_generate_messages_cpp
[  0%] Built target nav_msgs_generate_messages_nodejs
[  0%] Built target std_msgs_generate_messages_lisp
[  0%] Built target std_srvs_generate_messages_cpp
[  0%] Built target actionlib_generate_messages_lisp
[  0%] Built target rosgraph_msgs_generate_messages_lisp
[  0%] Built target tf_generate_messages_eus
[  0%] Built target actionlib_msgs_generate_messages_eus
[  0%] Built target sensor_msgs_generate_messages_cpp
[  0%] Built target rosgraph_msgs_generate_messages_py
[  0%] Built target dynamic_reconfigure_generate_messages_py
[  0%] Built target trajectory_msgs_generate_messages_eus
[  0%] Built target roscpp_generate_messages_cpp
[  0%] Built target roscpp_generate_messages_py
[  0%] Built target sensor_msgs_generate_messages_nodejs
[  0%] Built target turtlebot3_msgs_generate_messages_nodejs
[  0%] Built target sensor_msgs_generate_messages_eus
[  0%] Built target sensor_msgs_generate_messages_lisp
[  0%] Built target dynamic_reconfigure_generate_messages_eus
[  0%] Built target roscpp_generate_messages_eus
[  0%] Built target gazebo_msgs_generate_messages_eus
[  0%] Built target geometry_msgs_generate_messages_nodejs
[  0%] Built target dynamic_reconfigure_generate_messages_nodejs
[  0%] Built target gazebo_msgs_generate_messages_lisp
[  0%] Built target tf2_msgs_generate_messages_py
[  0%] Built target geometry_msgs_generate_messages_cpp
[  0%] Built target sensor_msgs_generate_messages_py
[  0%] Built target tf2_msgs_generate_messages_eus
[  0%] Built target geometry_msgs_generate_messages_lisp
[  0%] Built target tf_generate_messages_cpp
[  0%] Built target roscpp_generate_messages_nodejs
[  0%] Built target std_srvs_generate_messages_py
[  0%] Built target rosgraph_msgs_generate_messages_eus
[  0%] Built target nav_msgs_generate_messages_cpp
[  0%] Built target turtlebot3_msgs_generate_messages_lisp
[  0%] Built target nav_msgs_generate_messages_eus
[  0%] Built target nav_msgs_generate_messages_lisp
[  0%] Built target actionlib_msgs_generate_messages_cpp
[  0%] Built target rosgraph_msgs_generate_messages_cpp
[  0%] Built target trajectory_msgs_generate_messages_py
[  0%] Built target actionlib_generate_messages_eus
[  0%] Built target tf_generate_messages_py
[  0%] Built target actionlib_generate_messages_py
[  0%] Built target actionlib_msgs_generate_messages_lisp
[  0%] Built target std_msgs_generate_messages_eus
[  0%] Built target actionlib_msgs_generate_messages_nodejs
[  0%] Built target nav_msgs_generate_messages_py
[  0%] Built target tf_generate_messages_lisp
[  0%] Built target actionlib_generate_messages_nodejs
[  0%] Built target tf_generate_messages_nodejs
[  0%] Built target geometry_msgs_generate_messages_py
[  0%] Built target tf2_msgs_generate_messages_lisp
[  0%] Built target tf2_msgs_generate_messages_nodejs
[  0%] Built target gazebo_ros_gencfg
[  0%] Built target std_srvs_generate_messages_eus
[ 20%] Built target turtlebot3_gazebo
[ 40%] Built target turtlebot3_tcp_ip_server_node
[35m[1mScanning dependencies of target turtlebot3_tcp_ip_client_node[0m
[ 70%] Built target turtlebot3_drive
[ 80%] Built target turtlebot3_tcp_ip_node
[ 90%] [32mBuilding CXX object CMakeFiles/turtlebot3_tcp_ip_client_node.dir/src/client_tcp_ip_node.cpp.o[0m
[01m[K/home/pilaciv/Workspaces/turtlebot3_tcp_ip_ws/src/turtlebot3_simulations/turtlebot3_gazebo/src/client_tcp_ip_node.cpp:[m[K In member function ‘[01m[Kvoid TcpIpClient::communicate()[m[K’:
[01m[K/home/pilaciv/Workspaces/turtlebot3_tcp_ip_ws/src/turtlebot3_simulations/turtlebot3_gazebo/src/client_tcp_ip_node.cpp:186:17:[m[K [01;31m[Kerror: [m[Kexpected primary-expression before ‘[01m[K}[m[K’ token
  186 |                 [01;31m[K}[m[K
      |                 [01;31m[K^[m[K
make[2]: *** [CMakeFiles/turtlebot3_tcp_ip_client_node.dir/build.make:63: CMakeFiles/turtlebot3_tcp_ip_client_node.dir/src/client_tcp_ip_node.cpp.o] Error 1
make[1]: *** [CMakeFiles/Makefile2:404: CMakeFiles/turtlebot3_tcp_ip_client_node.dir/all] Error 2
make: *** [Makefile:141: all] Error 2
